<?xml version="1.0" encoding="UTF-8"?>
<!-- Generated by org.testng.reporters.JUnitXMLReporter -->
<testsuite hostname="INBAN-2VSVH32" ignored="0" name="Test" tests="4" failures="0" timestamp="12 Sep 2018 10:26:25 GMT" time="115.134" errors="0">
  <testcase name="scenarioOne" time="2.771" classname="testScripts.scenario1"/>
  <testcase name="scenarioTwo" time="7.297" classname="testScripts.scenario2"/>
  <testcase name="scenarioThree" time="59.813" classname="testScripts.scenario3"/>
  <testcase name="scenarioFour" time="0.023" classname="testScripts.scenario4"/>
</testsuite> <!-- Test -->
