<?xml version="1.0" encoding="UTF-8"?>
<!-- Generated by org.testng.reporters.JUnitXMLReporter -->
<testsuite hostname="INBAN-2VSVH32" ignored="6" name="Test" tests="4" failures="1" timestamp="12 Sep 2018 10:08:39 GMT" time="17.694" errors="0">
  <testcase name="scenarioOne" time="2.582" classname="testScripts.scenario1"/>
  <testcase name="scenarioTwo" time="14.88" classname="testScripts.scenario2"/>
  <testcase name="scenarioThree" time="0.01" classname="testScripts.scenario3">
    <failure type="java.lang.AssertionError" message="Actual and Expected results are not same..!!! expected [true] but found [false]">
      <![CDATA[java.lang.AssertionError: Actual and Expected results are not same..!!! expected [true] but found [false]
at testScripts.scenario3.scenarioThree(scenario3.java:26)
... Removed 28 stack frames]]>
    </failure>
  </testcase> <!-- scenarioThree -->
  <testcase name="scenarioFour" time="0.198" classname="testScripts.scenario4"/>
  <testcase name="@AfterSuite tearDown" time="0.0" classname="pageObjects.BaseClassForPageObjects">
    <ignored/>
  </testcase> <!-- @AfterSuite tearDown -->
  <testcase name="@AfterSuite tearDown" time="0.0" classname="pageObjects.BaseClassForPageObjects">
    <ignored/>
  </testcase> <!-- @AfterSuite tearDown -->
  <testcase name="@AfterSuite tearDown" time="0.0" classname="pageObjects.BaseClassForPageObjects">
    <ignored/>
  </testcase> <!-- @AfterSuite tearDown -->
  <testcase name="@BeforeSuite openBrowerAndNavigate" time="0.0" classname="pageObjects.BaseClassForPageObjects">
    <ignored/>
  </testcase> <!-- @BeforeSuite openBrowerAndNavigate -->
  <testcase name="@BeforeSuite openBrowerAndNavigate" time="0.0" classname="pageObjects.BaseClassForPageObjects">
    <ignored/>
  </testcase> <!-- @BeforeSuite openBrowerAndNavigate -->
  <testcase name="@BeforeSuite openBrowerAndNavigate" time="0.0" classname="pageObjects.BaseClassForPageObjects">
    <ignored/>
  </testcase> <!-- @BeforeSuite openBrowerAndNavigate -->
</testsuite> <!-- Test -->
