<?xml version="1.0" encoding="UTF-8"?>
<testng-results skipped="0" failed="1" ignored="6" total="10" passed="3">
  <reporter-output>
    <line>
      <![CDATA[Verified that the imdb website is up and running.]]>
    </line>
    <line>
      <![CDATA[Successfully complete the execution of scenario1]]>
    </line>
    <line>
      <![CDATA[Verified that the imdb website is up and running.]]>
    </line>
    <line>
      <![CDATA[Sucessfully Navigated to IMDb Top 250 rated movies page]]>
    </line>
    <line>
      <![CDATA[Successfully complete the execution of scenario2]]>
    </line>
    <line>
      <![CDATA[<table>]]>
    </line>
    <line>
      <![CDATA[<tr><td>1</td><td>The Shawshank Redemption</td><td>9.2</td><td>(1994)</td></tr>]]>
    </line>
    <line>
      <![CDATA[<tr><td>2</td><td>The Godfather</td><td>9.2</td><td>(1972)</td></tr>]]>
    </line>
    <line>
      <![CDATA[<tr><td>3</td><td>The Godfather: Part II</td><td>9.0</td><td>(1974)</td></tr>]]>
    </line>
    <line>
      <![CDATA[<tr><td>4</td><td>The Dark Knight</td><td>9.0</td><td>(2008)</td></tr>]]>
    </line>
    <line>
      <![CDATA[<tr><td>5</td><td>12 Angry Men</td><td>8.9</td><td>(1957)</td></tr>]]>
    </line>
    <line>
      <![CDATA[<tr><td>6</td><td>Schindlers List</td><td>8.9</td><td>(1993)</td></tr>]]>
    </line>
    <line>
      <![CDATA[<tr><td>7</td><td>The Lord of the Rings: The Return of the King</td><td>8.9</td><td>(2003)</td></tr>]]>
    </line>
    <line>
      <![CDATA[<tr><td>8</td><td>Pulp Fiction</td><td>8.9</td><td>(1994)</td></tr>]]>
    </line>
    <line>
      <![CDATA[<tr><td>9</td><td>The Good, the Bad and the Ugly</td><td>8.8</td><td>(1966)</td></tr>]]>
    </line>
    <line>
      <![CDATA[</table>]]>
    </line>
  </reporter-output>
  <suite name="Suite" duration-ms="17694" started-at="2018-09-12T10:08:21Z" finished-at="2018-09-12T10:08:39Z">
    <groups>
    </groups>
    <test name="Test" duration-ms="17694" started-at="2018-09-12T10:08:21Z" finished-at="2018-09-12T10:08:39Z">
      <class name="testScripts.scenario4">
        <test-method status="PASS" signature="scenarioFour()[pri:0, instance:testScripts.scenario4@11758f2a]" name="scenarioFour" duration-ms="198" started-at="2018-09-12T10:08:39Z" finished-at="2018-09-12T10:08:39Z">
          <reporter-output>
            <line>
              <![CDATA[<table>]]>
            </line>
            <line>
              <![CDATA[<tr><td>1</td><td>The Shawshank Redemption</td><td>9.2</td><td>(1994)</td></tr>]]>
            </line>
            <line>
              <![CDATA[<tr><td>2</td><td>The Godfather</td><td>9.2</td><td>(1972)</td></tr>]]>
            </line>
            <line>
              <![CDATA[<tr><td>3</td><td>The Godfather: Part II</td><td>9.0</td><td>(1974)</td></tr>]]>
            </line>
            <line>
              <![CDATA[<tr><td>4</td><td>The Dark Knight</td><td>9.0</td><td>(2008)</td></tr>]]>
            </line>
            <line>
              <![CDATA[<tr><td>5</td><td>12 Angry Men</td><td>8.9</td><td>(1957)</td></tr>]]>
            </line>
            <line>
              <![CDATA[<tr><td>6</td><td>Schindlers List</td><td>8.9</td><td>(1993)</td></tr>]]>
            </line>
            <line>
              <![CDATA[<tr><td>7</td><td>The Lord of the Rings: The Return of the King</td><td>8.9</td><td>(2003)</td></tr>]]>
            </line>
            <line>
              <![CDATA[<tr><td>8</td><td>Pulp Fiction</td><td>8.9</td><td>(1994)</td></tr>]]>
            </line>
            <line>
              <![CDATA[<tr><td>9</td><td>The Good, the Bad and the Ugly</td><td>8.8</td><td>(1966)</td></tr>]]>
            </line>
            <line>
              <![CDATA[</table>]]>
            </line>
          </reporter-output>
        </test-method> <!-- scenarioFour -->
      </class> <!-- testScripts.scenario4 -->
      <class name="testScripts.scenario3">
        <test-method status="FAIL" signature="scenarioThree()[pri:0, instance:testScripts.scenario3@612679d6]" name="scenarioThree" duration-ms="10" started-at="2018-09-12T10:08:39Z" finished-at="2018-09-12T10:08:39Z">
          <exception class="java.lang.AssertionError">
            <message>
              <![CDATA[Actual and Expected results are not same..!!! expected [true] but found [false]]]>
            </message>
            <full-stacktrace>
              <![CDATA[java.lang.AssertionError: Actual and Expected results are not same..!!! expected [true] but found [false]
at org.testng.Assert.fail(Assert.java:96)
at org.testng.Assert.failNotEquals(Assert.java:776)
at org.testng.Assert.assertTrue(Assert.java:44)
at testScripts.scenario3.scenarioThree(scenario3.java:26)
at sun.reflect.NativeMethodAccessorImpl.invoke0(Native Method)
at sun.reflect.NativeMethodAccessorImpl.invoke(NativeMethodAccessorImpl.java:62)
at sun.reflect.DelegatingMethodAccessorImpl.invoke(DelegatingMethodAccessorImpl.java:43)
at java.lang.reflect.Method.invoke(Method.java:498)
at org.testng.internal.MethodInvocationHelper.invokeMethod(MethodInvocationHelper.java:124)
at org.testng.internal.Invoker.invokeMethod(Invoker.java:583)
at org.testng.internal.Invoker.invokeTestMethod(Invoker.java:719)
at org.testng.internal.Invoker.invokeTestMethods(Invoker.java:989)
at org.testng.internal.TestMethodWorker.invokeTestMethods(TestMethodWorker.java:125)
at org.testng.internal.TestMethodWorker.run(TestMethodWorker.java:109)
at org.testng.TestRunner.privateRun(TestRunner.java:648)
at org.testng.TestRunner.run(TestRunner.java:505)
at org.testng.SuiteRunner.runTest(SuiteRunner.java:455)
at org.testng.SuiteRunner.runSequentially(SuiteRunner.java:450)
at org.testng.SuiteRunner.privateRun(SuiteRunner.java:415)
at org.testng.SuiteRunner.run(SuiteRunner.java:364)
at org.testng.SuiteRunnerWorker.runSuite(SuiteRunnerWorker.java:52)
at org.testng.SuiteRunnerWorker.run(SuiteRunnerWorker.java:84)
at org.testng.TestNG.runSuitesSequentially(TestNG.java:1208)
at org.testng.TestNG.runSuitesLocally(TestNG.java:1137)
at org.testng.TestNG.runSuites(TestNG.java:1049)
at org.testng.TestNG.run(TestNG.java:1017)
at org.testng.remote.AbstractRemoteTestNG.run(AbstractRemoteTestNG.java:114)
at org.testng.remote.RemoteTestNG.initAndRun(RemoteTestNG.java:251)
at org.testng.remote.RemoteTestNG.main(RemoteTestNG.java:77)
]]>
            </full-stacktrace>
          </exception> <!-- java.lang.AssertionError -->
          <reporter-output>
          </reporter-output>
        </test-method> <!-- scenarioThree -->
      </class> <!-- testScripts.scenario3 -->
      <class name="testScripts.scenario2">
        <test-method status="PASS" signature="scenarioTwo()[pri:0, instance:testScripts.scenario2@1060b431]" name="scenarioTwo" duration-ms="14880" started-at="2018-09-12T10:08:24Z" finished-at="2018-09-12T10:08:39Z">
          <reporter-output>
            <line>
              <![CDATA[Verified that the imdb website is up and running.]]>
            </line>
            <line>
              <![CDATA[Sucessfully Navigated to IMDb Top 250 rated movies page]]>
            </line>
            <line>
              <![CDATA[Successfully complete the execution of scenario2]]>
            </line>
          </reporter-output>
        </test-method> <!-- scenarioTwo -->
      </class> <!-- testScripts.scenario2 -->
      <class name="testScripts.scenario1">
        <test-method status="PASS" signature="openBrowerAndNavigate()[pri:0, instance:testScripts.scenario1@612fc6eb]" name="openBrowerAndNavigate" is-config="true" duration-ms="10581" started-at="2018-09-12T10:08:11Z" finished-at="2018-09-12T10:08:21Z">
          <reporter-output>
          </reporter-output>
        </test-method> <!-- openBrowerAndNavigate -->
        <test-method status="PASS" signature="scenarioOne()[pri:0, instance:testScripts.scenario1@612fc6eb]" name="scenarioOne" duration-ms="2582" started-at="2018-09-12T10:08:21Z" finished-at="2018-09-12T10:08:24Z">
          <reporter-output>
            <line>
              <![CDATA[Verified that the imdb website is up and running.]]>
            </line>
            <line>
              <![CDATA[Successfully complete the execution of scenario1]]>
            </line>
          </reporter-output>
        </test-method> <!-- scenarioOne -->
        <test-method status="PASS" signature="tearDown()[pri:0, instance:testScripts.scenario1@612fc6eb]" name="tearDown" is-config="true" duration-ms="2311" started-at="2018-09-12T10:08:39Z" finished-at="2018-09-12T10:08:41Z">
          <reporter-output>
          </reporter-output>
        </test-method> <!-- tearDown -->
      </class> <!-- testScripts.scenario1 -->
    </test> <!-- Test -->
  </suite> <!-- Suite -->
</testng-results>
